2024-05-15 17:16:14,092 [INFO] Activator:176 - 


2024-05-15 17:16:14,092 [INFO] Activator:177 - !SESSION log4j initialized
2024-05-15 17:16:16,419 [INFO] LogOutputStream:77 - [STDOUT_REDIRECT] 
2024-05-15 17:16:19,725 [INFO] ApplicationProperties:184 - Using Application install path: C:\ST\STM32CubeIDE_1.14.1\STM32CubeIDE\plugins\com.st.stm32cube.common.mx_6.11.1.202404110753
2024-05-15 17:16:19,736 [INFO] DbMcusXml:78 - Set database path to: C:\ST\STM32CubeIDE_1.14.1\STM32CubeIDE\plugins\com.st.stm32cube.common.mx_6.11.1.202404110753\\db\/mcu/
2024-05-15 17:16:19,737 [INFO] ApiDb:274 - Set plugin database path to: C:\ST\STM32CubeIDE_1.14.1\STM32CubeIDE\plugins\com.st.stm32cube.common.mx_6.11.1.202404110753\\db\/plugins/boardmanager/
2024-05-15 17:16:19,745 [WARN] ApiDb:259 - Overriding images path with different value:  => C:\ST\STM32CubeIDE_1.14.1\STM32CubeIDE\plugins\com.st.stm32cube.common.mx_6.11.1.202404110753\\db\/plugins/mcufinder/images/
2024-05-15 17:16:19,748 [INFO] ApiDb:250 - Set database path to: C:\Users\user\.stmcufinder\plugins\mcufinder//mcu/
2024-05-15 17:16:19,749 [INFO] DbMcusAds:125 - Set database path to: C:\Users\user\.stmcufinder\plugins\mcufinder//mcu/
2024-05-15 17:16:19,750 [INFO] CrossReferenceDbSqlite:203 - Set database path to: C:\Users\user\.stmcufinder\plugins\mcufinder//mcu/cs/
2024-05-15 17:16:19,837 [INFO] RulesReader:64 - Compatibility file has been processed (297 Rules)
2024-05-15 17:16:19,913 [INFO] DbMcusXml:78 - Set database path to: C:\ST\STM32CubeIDE_1.14.1\STM32CubeIDE\plugins\com.st.stm32cube.common.mx_6.11.1.202404110753\\db\/mcu/
2024-05-15 17:16:19,913 [INFO] ApiDb:274 - Set plugin database path to: C:\ST\STM32CubeIDE_1.14.1\STM32CubeIDE\plugins\com.st.stm32cube.common.mx_6.11.1.202404110753\\db\/plugins/boardmanager/
2024-05-15 17:16:19,913 [INFO] ApiDb:261 - Set plugin images path to: C:\ST\STM32CubeIDE_1.14.1\STM32CubeIDE\plugins\com.st.stm32cube.common.mx_6.11.1.202404110753\\db\/plugins/mcufinder/images/
2024-05-15 17:16:19,914 [WARN] DbFile:41 - Overriding database path with different value: C:\Users\user\.stmcufinder\plugins\mcufinder/ => C:\Users\user\.stmcufinder\plugins\mcufinder
2024-05-15 17:16:19,914 [INFO] ApiDb:250 - Set database path to: C:\Users\user\.stmcufinder\plugins\mcufinder//mcu/
2024-05-15 17:16:19,914 [WARN] DbFile:41 - Overriding database path with different value: C:\Users\user\.stmcufinder\plugins\mcufinder/ => C:\Users\user\.stmcufinder\plugins\mcufinder
2024-05-15 17:16:19,914 [INFO] DbMcusAds:125 - Set database path to: C:\Users\user\.stmcufinder\plugins\mcufinder//mcu/
2024-05-15 17:16:19,914 [WARN] DbFile:41 - Overriding database path with different value: C:\Users\user\.stmcufinder\plugins\mcufinder/ => C:\Users\user\.stmcufinder\plugins\mcufinder
2024-05-15 17:16:19,914 [WARN] DbFile:41 - Overriding database path with different value: C:\Users\user\.stmcufinder\plugins\mcufinder/ => C:\Users\user\.stmcufinder\plugins\mcufinder
2024-05-15 17:16:19,914 [INFO] CrossReferenceDbSqlite:203 - Set database path to: C:\Users\user\.stmcufinder\plugins\mcufinder//mcu/cs/
2024-05-15 17:16:19,992 [INFO] MainPanel:264 - HeapMemory: 268435456
2024-05-15 17:16:20,051 [INFO] DbMcusXml:78 - Set database path to: C:\ST\STM32CubeIDE_1.14.1\STM32CubeIDE\plugins\com.st.stm32cube.common.mx_6.11.1.202404110753\\db\/mcu/
2024-05-15 17:16:20,051 [INFO] ApiDb:274 - Set plugin database path to: C:\ST\STM32CubeIDE_1.14.1\STM32CubeIDE\plugins\com.st.stm32cube.common.mx_6.11.1.202404110753\\db\/plugins/boardmanager/
2024-05-15 17:16:20,052 [INFO] ApiDb:261 - Set plugin images path to: C:\ST\STM32CubeIDE_1.14.1\STM32CubeIDE\plugins\com.st.stm32cube.common.mx_6.11.1.202404110753\\db\/plugins/mcufinder/images/
2024-05-15 17:16:20,052 [WARN] DbFile:41 - Overriding database path with different value: C:\Users\user\.stmcufinder\plugins\mcufinder/ => C:\Users\user\.stmcufinder\plugins\mcufinder
2024-05-15 17:16:20,052 [INFO] ApiDb:250 - Set database path to: C:\Users\user\.stmcufinder\plugins\mcufinder//mcu/
2024-05-15 17:16:20,052 [WARN] DbFile:41 - Overriding database path with different value: C:\Users\user\.stmcufinder\plugins\mcufinder/ => C:\Users\user\.stmcufinder\plugins\mcufinder
2024-05-15 17:16:20,052 [INFO] DbMcusAds:125 - Set database path to: C:\Users\user\.stmcufinder\plugins\mcufinder//mcu/
2024-05-15 17:16:20,052 [WARN] DbFile:41 - Overriding database path with different value: C:\Users\user\.stmcufinder\plugins\mcufinder/ => C:\Users\user\.stmcufinder\plugins\mcufinder
2024-05-15 17:16:20,052 [WARN] DbFile:41 - Overriding database path with different value: C:\Users\user\.stmcufinder\plugins\mcufinder/ => C:\Users\user\.stmcufinder\plugins\mcufinder
2024-05-15 17:16:20,053 [INFO] CrossReferenceDbSqlite:203 - Set database path to: C:\Users\user\.stmcufinder\plugins\mcufinder//mcu/cs/
2024-05-15 17:16:20,070 [INFO] ApplicationProperties:184 - Using Application install path: C:\ST\STM32CubeIDE_1.14.1\STM32CubeIDE\plugins\com.st.stm32cube.common.mx_6.11.1.202404110753
2024-05-15 17:16:20,072 [INFO] PluginManage:196 - Search for loadable plugins [exclusion list=, ]
2024-05-15 17:16:20,072 [INFO] PluginManage:310 - Check plugin analytics
2024-05-15 17:16:20,224 [INFO] AnalyticsPlugin:253 - Accepted Software Licenses: 
2024-05-15 17:16:20,224 [INFO] AnalyticsPlugin:255 - Accepted CMSIS Pack Licenses: ARM.CMSIS-DSP.1.15.0,ARM.CMSIS.6.0.0
2024-05-15 17:16:20,224 [INFO] AnalyticsPlugin:257 - Accepted Firmware Licenses: FW.G4.1.5.0
2024-05-15 17:16:20,226 [INFO] PluginManage:359 - Loaded plugin analytics (category:tool,tabindex:-1)
2024-05-15 17:16:20,227 [INFO] PluginManage:310 - Check plugin cadmodel
2024-05-15 17:16:20,247 [INFO] CADModel:105 - Init CAD model plugin
2024-05-15 17:16:20,248 [INFO] PluginManage:359 - Loaded plugin cadmodel (category:power,tabindex:5)
2024-05-15 17:16:20,248 [INFO] PluginManage:310 - Check plugin clock
2024-05-15 17:16:20,253 [INFO] PluginManage:359 - Loaded plugin clock (category:base,tabindex:2)
2024-05-15 17:16:20,253 [INFO] PluginManage:310 - Check plugin ddr
2024-05-15 17:16:20,255 [INFO] PluginManage:359 - Loaded plugin ddr (category:tool,tabindex:6)
2024-05-15 17:16:20,255 [INFO] PluginManage:310 - Check plugin filemanager
2024-05-15 17:16:20,393 [INFO] PluginManage:359 - Loaded plugin filemanager (category:base,tabindex:10)
2024-05-15 17:16:20,394 [INFO] PluginManage:310 - Check plugin ipmanager
2024-05-15 17:16:20,398 [INFO] PluginManage:359 - Loaded plugin ipmanager (category:base,tabindex:5)
2024-05-15 17:16:20,399 [INFO] PluginManage:310 - Check plugin lpbam
2024-05-15 17:16:20,405 [INFO] PluginManage:359 - Loaded plugin lpbam (category:base,tabindex:0)
2024-05-15 17:16:20,405 [INFO] PluginManage:310 - Check plugin memorymap
2024-05-15 17:16:20,414 [INFO] PluginManage:359 - Loaded plugin memorymap (category:base,tabindex:4)
2024-05-15 17:16:20,414 [INFO] PluginManage:310 - Check plugin pinoutandconfiguration
2024-05-15 17:16:20,418 [INFO] PluginManage:359 - Loaded plugin pinoutandconfiguration (category:base,tabindex:1)
2024-05-15 17:16:20,419 [INFO] PluginManage:310 - Check plugin pinoutconfig
2024-05-15 17:16:20,505 [WARN] SupportedApi:132 - Cannot load RTOS API schema: s4s-elt-must-match.1: The content of 'definitions' must match (annotation?, (simpleType | complexType)?, (unique | key | keyref)*)). A problem was found starting at: attribute.
2024-05-15 17:16:20,610 [INFO] PluginManage:359 - Loaded plugin pinoutconfig (category:base,tabindex:0)
2024-05-15 17:16:20,610 [INFO] PluginManage:310 - Check plugin power
2024-05-15 17:16:20,616 [INFO] PluginManage:359 - Loaded plugin power (category:power,tabindex:4)
2024-05-15 17:16:20,616 [INFO] PluginManage:310 - Check plugin projectmanager
2024-05-15 17:16:20,632 [INFO] PluginManage:359 - Loaded plugin projectmanager (category:projectmanager,tabindex:3)
2024-05-15 17:16:20,632 [INFO] PluginManage:310 - Check plugin thirdparty
2024-05-15 17:16:20,747 [INFO] PluginManage:359 - Loaded plugin thirdparty (category:base,tabindex:-1)
2024-05-15 17:16:20,747 [INFO] PluginManage:310 - Check plugin tools
2024-05-15 17:16:20,748 [WARN] IntegrityCheckThread:84 - waiting for thirdparty lock release [integrity check]
2024-05-15 17:16:20,748 [INFO] IntegrityCheckThread:86 - entering critical section [integrity check]
2024-05-15 17:16:20,749 [INFO] ThirdPartyUpdaterWithRetryManager:70 - Updater plugin not ready yet. [1/15]
2024-05-15 17:16:20,751 [INFO] PluginManage:359 - Loaded plugin tools (category:base,tabindex:7)
2024-05-15 17:16:20,751 [INFO] PluginManage:310 - Check plugin tutovideos
2024-05-15 17:16:20,878 [INFO] PluginManage:359 - Loaded plugin tutovideos (category:base,tabindex:-1)
2024-05-15 17:16:20,878 [INFO] PluginManage:310 - Check plugin updater
2024-05-15 17:16:20,892 [INFO] PluginManage:359 - Loaded plugin updater (category:base,tabindex:12)
2024-05-15 17:16:20,893 [INFO] PluginManage:310 - Check plugin userauth
2024-05-15 17:16:20,898 [INFO] UserAuth:114 - Init User Auth plugin
2024-05-15 17:16:20,898 [INFO] PluginManage:359 - Loaded plugin userauth (category:base,tabindex:14)
2024-05-15 17:16:20,898 [INFO] PluginManage:283 - PluginManage : Loaded plugins [17]
2024-05-15 17:16:21,073 [INFO] PinOutPanel:1561 - setPackage(No Configuration,No Configuration)
2024-05-15 17:16:21,126 [INFO] CADModel:165 - CPN selected for project level
2024-05-15 17:16:21,127 [INFO] CADModel:114 - Register for checkConnection events
2024-05-15 17:16:21,140 [INFO] IPUIPlugin:80 - create IPUIPlugin
2024-05-15 17:16:21,140 [INFO] PluginManager:220 - loadIPPluginJar : add adc
2024-05-15 17:16:21,142 [INFO] IPUIPlugin:80 - create IPUIPlugin
2024-05-15 17:16:21,142 [INFO] PluginManager:220 - loadIPPluginJar : add aes
2024-05-15 17:16:21,144 [INFO] IPUIPlugin:80 - create IPUIPlugin
2024-05-15 17:16:21,144 [INFO] PluginManager:220 - loadIPPluginJar : add can
2024-05-15 17:16:21,145 [INFO] IPUIPlugin:80 - create IPUIPlugin
2024-05-15 17:16:21,145 [INFO] PluginManager:220 - loadIPPluginJar : add comp
2024-05-15 17:16:21,146 [INFO] IPUIPlugin:80 - create IPUIPlugin
2024-05-15 17:16:21,146 [INFO] PluginManager:220 - loadIPPluginJar : add cryp
2024-05-15 17:16:21,148 [INFO] IPUIPlugin:80 - create IPUIPlugin
2024-05-15 17:16:21,148 [INFO] PluginManager:220 - loadIPPluginJar : add dfsdm
2024-05-15 17:16:21,152 [INFO] IPUIPlugin:80 - create IPUIPlugin
2024-05-15 17:16:21,152 [INFO] PluginManager:220 - loadIPPluginJar : add dma
2024-05-15 17:16:21,154 [INFO] IPUIPlugin:80 - create IPUIPlugin
2024-05-15 17:16:21,154 [INFO] PluginManager:220 - loadIPPluginJar : add dma3
2024-05-15 17:16:21,156 [INFO] IPUIPlugin:80 - create IPUIPlugin
2024-05-15 17:16:21,156 [INFO] PluginManager:220 - loadIPPluginJar : add extmemmanager
2024-05-15 17:16:21,157 [INFO] IPUIPlugin:80 - create IPUIPlugin
2024-05-15 17:16:21,157 [INFO] PluginManager:220 - loadIPPluginJar : add fatfs
2024-05-15 17:16:21,159 [INFO] IPUIPlugin:80 - create IPUIPlugin
2024-05-15 17:16:21,159 [INFO] PluginManager:220 - loadIPPluginJar : add fmc
2024-05-15 17:16:21,163 [INFO] IPUIPlugin:80 - create IPUIPlugin
2024-05-15 17:16:21,163 [INFO] PluginManager:220 - loadIPPluginJar : add freertos
2024-05-15 17:16:21,164 [INFO] IPUIPlugin:80 - create IPUIPlugin
2024-05-15 17:16:21,164 [INFO] PluginManager:220 - loadIPPluginJar : add genericplugin
2024-05-15 17:16:21,165 [INFO] IPUIPlugin:80 - create IPUIPlugin
2024-05-15 17:16:21,165 [INFO] PluginManager:220 - loadIPPluginJar : add gfxmmu
2024-05-15 17:16:21,168 [INFO] IPUIPlugin:80 - create IPUIPlugin
2024-05-15 17:16:21,169 [INFO] PluginManager:220 - loadIPPluginJar : add gic
2024-05-15 17:16:21,171 [INFO] IPUIPlugin:80 - create IPUIPlugin
2024-05-15 17:16:21,171 [INFO] PluginManager:220 - loadIPPluginJar : add gpio
2024-05-15 17:16:21,173 [INFO] IPUIPlugin:80 - create IPUIPlugin
2024-05-15 17:16:21,173 [INFO] PluginManager:220 - loadIPPluginJar : add gtzc
2024-05-15 17:16:21,174 [INFO] IPUIPlugin:80 - create IPUIPlugin
2024-05-15 17:16:21,174 [INFO] PluginManager:220 - loadIPPluginJar : add hash
2024-05-15 17:16:21,176 [INFO] IPUIPlugin:80 - create IPUIPlugin
2024-05-15 17:16:21,176 [INFO] PluginManager:220 - loadIPPluginJar : add i2c
2024-05-15 17:16:21,177 [INFO] IPUIPlugin:80 - create IPUIPlugin
2024-05-15 17:16:21,177 [INFO] PluginManager:220 - loadIPPluginJar : add i2s
2024-05-15 17:16:21,179 [INFO] IPUIPlugin:80 - create IPUIPlugin
2024-05-15 17:16:21,179 [INFO] PluginManager:220 - loadIPPluginJar : add i3c
2024-05-15 17:16:21,181 [INFO] IPUIPlugin:80 - create IPUIPlugin
2024-05-15 17:16:21,181 [INFO] PluginManager:220 - loadIPPluginJar : add ipddr
2024-05-15 17:16:21,186 [INFO] IPUIPlugin:80 - create IPUIPlugin
2024-05-15 17:16:21,186 [INFO] PluginManager:220 - loadIPPluginJar : add linkedlist
2024-05-15 17:16:21,188 [INFO] IPUIPlugin:80 - create IPUIPlugin
2024-05-15 17:16:21,188 [INFO] PluginManager:220 - loadIPPluginJar : add lorawan
2024-05-15 17:16:21,189 [INFO] IPUIPlugin:80 - create IPUIPlugin
2024-05-15 17:16:21,190 [INFO] PluginManager:220 - loadIPPluginJar : add ltdc
2024-05-15 17:16:21,194 [INFO] IPUIPlugin:80 - create IPUIPlugin
2024-05-15 17:16:21,194 [INFO] PluginManager:220 - loadIPPluginJar : add mdma
2024-05-15 17:16:21,197 [INFO] IPUIPlugin:80 - create IPUIPlugin
2024-05-15 17:16:21,197 [INFO] PluginManager:220 - loadIPPluginJar : add nvic
2024-05-15 17:16:21,199 [INFO] IPUIPlugin:80 - create IPUIPlugin
2024-05-15 17:16:21,199 [INFO] PluginManager:220 - loadIPPluginJar : add opamp
2024-05-15 17:16:21,201 [INFO] IPUIPlugin:80 - create IPUIPlugin
2024-05-15 17:16:21,201 [INFO] PluginManager:220 - loadIPPluginJar : add openamp
2024-05-15 17:16:21,205 [INFO] IPUIPlugin:80 - create IPUIPlugin
2024-05-15 17:16:21,206 [INFO] PluginManager:220 - loadIPPluginJar : add pdm2pcm
2024-05-15 17:16:21,210 [INFO] IPUIPlugin:80 - create IPUIPlugin
2024-05-15 17:16:21,212 [INFO] PluginManager:220 - loadIPPluginJar : add plateformsettings
2024-05-15 17:16:21,214 [INFO] IPUIPlugin:80 - create IPUIPlugin
2024-05-15 17:16:21,214 [INFO] PluginManager:220 - loadIPPluginJar : add quadspi
2024-05-15 17:16:21,216 [INFO] IPUIPlugin:80 - create IPUIPlugin
2024-05-15 17:16:21,216 [INFO] PluginManager:220 - loadIPPluginJar : add resmgrutility
2024-05-15 17:16:21,217 [INFO] IPUIPlugin:80 - create IPUIPlugin
2024-05-15 17:16:21,217 [INFO] PluginManager:220 - loadIPPluginJar : add sai
2024-05-15 17:16:21,219 [INFO] IPUIPlugin:80 - create IPUIPlugin
2024-05-15 17:16:21,219 [INFO] PluginManager:220 - loadIPPluginJar : add spi
2024-05-15 17:16:21,222 [INFO] IPUIPlugin:80 - create IPUIPlugin
2024-05-15 17:16:21,222 [INFO] PluginManager:220 - loadIPPluginJar : add stm32_wpan
2024-05-15 17:16:21,223 [INFO] IPUIPlugin:80 - create IPUIPlugin
2024-05-15 17:16:21,223 [INFO] PluginManager:220 - loadIPPluginJar : add tim
2024-05-15 17:16:21,225 [INFO] IPUIPlugin:80 - create IPUIPlugin
2024-05-15 17:16:21,226 [INFO] PluginManager:220 - loadIPPluginJar : add touchsensing
2024-05-15 17:16:21,227 [INFO] IPUIPlugin:80 - create IPUIPlugin
2024-05-15 17:16:21,227 [INFO] PluginManager:220 - loadIPPluginJar : add tracer_emb
2024-05-15 17:16:21,231 [INFO] IPUIPlugin:80 - create IPUIPlugin
2024-05-15 17:16:21,231 [INFO] PluginManager:220 - loadIPPluginJar : add ts
2024-05-15 17:16:21,234 [INFO] IPUIPlugin:80 - create IPUIPlugin
2024-05-15 17:16:21,234 [INFO] PluginManager:220 - loadIPPluginJar : add tsc
2024-05-15 17:16:21,236 [INFO] IPUIPlugin:80 - create IPUIPlugin
2024-05-15 17:16:21,236 [INFO] PluginManager:220 - loadIPPluginJar : add ucpd
2024-05-15 17:16:21,238 [INFO] IPUIPlugin:80 - create IPUIPlugin
2024-05-15 17:16:21,238 [INFO] PluginManager:220 - loadIPPluginJar : add usart
2024-05-15 17:16:21,240 [INFO] IPUIPlugin:80 - create IPUIPlugin
2024-05-15 17:16:21,240 [INFO] PluginManager:220 - loadIPPluginJar : add usbx
2024-05-15 17:16:21,364 [INFO] CADModel:165 - CPN selected for project level
2024-05-15 17:16:21,365 [INFO] CADModel:114 - Register for checkConnection events
2024-05-15 17:16:21,365 [FATAL] Updater:308 - Updater called before beeing initialized
2024-05-15 17:16:21,365 [ERROR] CADModel:125 - Updater not yet initialized, retry later 
2024-05-15 17:16:21,485 [INFO] CADModel:165 - CPN selected for project level
2024-05-15 17:16:21,485 [INFO] CADModel:114 - Register for checkConnection events
2024-05-15 17:16:21,485 [FATAL] Updater:308 - Updater called before beeing initialized
2024-05-15 17:16:21,485 [ERROR] CADModel:125 - Updater not yet initialized, retry later 
2024-05-15 17:16:21,488 [FATAL] Updater:308 - Updater called before beeing initialized
2024-05-15 17:16:21,597 [FATAL] Updater:308 - Updater called before beeing initialized
2024-05-15 17:16:21,607 [INFO] DbMcusAds:53 - JSON generation date=Thu May 02 15:37:29 ICT 2024 (1714639049318)
2024-05-15 17:16:21,608 [FATAL] Updater:308 - Updater called before beeing initialized
2024-05-15 17:16:21,640 [WARN] DetailPanel:346 - Failed to get advertising image, set to default
2024-05-15 17:16:21,714 [FATAL] Updater:308 - Updater called before beeing initialized
2024-05-15 17:16:21,715 [FATAL] Updater:308 - Updater called before beeing initialized
2024-05-15 17:16:21,716 [FATAL] Updater:308 - Updater called before beeing initialized
2024-05-15 17:16:21,716 [WARN] DetailPanel:346 - Failed to get advertising image, set to default
2024-05-15 17:16:21,716 [FATAL] Updater:308 - Updater called before beeing initialized
2024-05-15 17:16:21,770 [ERROR] Updater:1120 - MainUpdater not yet initialized. External WinMGr cannot be set.
2024-05-15 17:16:21,771 [INFO] Updater:1056 - Updater Version found : 6.11.1
2024-05-15 17:16:21,786 [INFO] ApplicationProperties:184 - Using Application install path: C:\ST\STM32CubeIDE_1.14.1\STM32CubeIDE\plugins\com.st.stm32cube.common.mx_6.11.1.202404110753
2024-05-15 17:16:23,368 [ERROR] LogOutputStream:75 - [STDERR_REDIRECT] May 15, 2024 5:16:23 PM java.util.prefs.WindowsPreferences <init>
2024-05-15 17:16:23,369 [ERROR] LogOutputStream:75 - [STDERR_REDIRECT] WARNING: Could not open/create prefs root node Software\JavaSoft\Prefs at root 0xffffffff80000002. Windows RegCreateKeyEx(...) returned error code 5.
2024-05-15 17:16:23,369 [ERROR] LogOutputStream:75 - [STDERR_REDIRECT] 
2024-05-15 17:16:23,696 [INFO] MainUpdater:2873 - connection check result : 10
2024-05-15 17:16:23,697 [INFO] MainUpdater:290 - Updater Check For Update Now.
2024-05-15 17:16:23,697 [INFO] MicroXplorer:498 - Change Database Version : DB.6.0.111
2024-05-15 17:16:23,701 [INFO] McuFinderGlobals:63 - Set McuFinder mode to 2 (CubeIDE integrated)
2024-05-15 17:16:23,709 [INFO] UserAuth:415 - Internet connection configuration mode: 1
2024-05-15 17:16:23,750 [WARN] MainUpdater:1194 - Updater busy. Cannot search thirdparties
2024-05-15 17:16:23,750 [INFO] ThirdPartyUpdaterWithRetryManager:96 - Updater plugin is busy. [1/15]
2024-05-15 17:16:23,769 [INFO] JxBrowserEngine:152 - Initiate JxBrowser Engine with user profile folder
2024-05-15 17:16:23,904 [INFO] CheckServerUpdateThread:120 - End of CheckServer Thread
2024-05-15 17:16:24,320 [INFO] WebApp:161 - Instantiating new browser for Auth
2024-05-15 17:16:24,714 [INFO] WebApp:779 - Register for checkConnection events
2024-05-15 17:16:24,714 [INFO] WebApp:414 - Apply proxy settings
2024-05-15 17:16:24,715 [INFO] WebApp:499 - Chromium requires no authentication
2024-05-15 17:16:24,720 [INFO] WebApp:442 - Direct internet connection detected
2024-05-15 17:16:24,823 [INFO] WebApp:192 - Starting web application
2024-05-15 17:16:24,823 [INFO] WebApp:544 - Web application path used C:\ST\STM32CubeIDE_1.14.1\STM32CubeIDE\plugins\com.st.stm32cube.common.mx_6.11.1.202404110753\db\plugins\mcufinder\reactClient1\index.html
2024-05-15 17:16:26,893 [WARN] PackLoader:240 - Cannot read IP mode file for STMicroelectronics.FP-SNS-MOTENVWB1.1.4.0
2024-05-15 17:16:26,906 [WARN] PackLoader:240 - Cannot read IP mode file for STMicroelectronics.X-CUBE-SMBUS.2.1.0
2024-05-15 17:16:26,910 [WARN] PackLoader:240 - Cannot read IP mode file for STMicroelectronics.X-CUBE-TOUCHGFX.4.23.1
2024-05-15 17:16:26,913 [WARN] PackLoader:240 - Cannot read IP mode file for STMicroelectronics.X-CUBE-TOUCHGFX.4.23.0
2024-05-15 17:16:26,915 [WARN] PackLoader:240 - Cannot read IP mode file for STMicroelectronics.X-CUBE-TOUCHGFX.4.23.2
2024-05-15 17:16:26,935 [WARN] PackLoader:240 - Cannot read IP mode file for STMicroelectronics.X-CUBE-AZRTOS-F7.1.1.0
2024-05-15 17:16:26,948 [WARN] PackLoader:240 - Cannot read IP mode file for STMicroelectronics.FP-SNS-MOTENV1.4.3.2
2024-05-15 17:16:26,958 [WARN] PackLoader:240 - Cannot read IP mode file for STMicroelectronics.FP-SNS-FLIGHT1.5.0.2
2024-05-15 17:16:26,970 [WARN] PackLoader:240 - Cannot read IP mode file for STMicroelectronics.X-CUBE-DISPLAY.3.0.0
2024-05-15 17:16:26,987 [WARN] PackLoader:240 - Cannot read IP mode file for STMicroelectronics.X-CUBE-BLE1.7.0.0
2024-05-15 17:16:26,991 [WARN] PackLoader:240 - Cannot read IP mode file for emotas.I-CUBE-CANOPEN.1.3.0
2024-05-15 17:16:27,001 [WARN] PackLoader:240 - Cannot read IP mode file for STMicroelectronics.X-CUBE-BLEMGR.3.1.0
2024-05-15 17:16:27,008 [WARN] PackLoader:240 - Cannot read IP mode file for STMicroelectronics.FP-SNS-SMARTAG2.1.2.0
2024-05-15 17:16:27,016 [INFO] LogOutputStream:77 - [STDOUT_REDIRECT] 1 : Invalid condition id : UX_CORESTACK_Condition cause : null
2024-05-15 17:16:27,017 [INFO] LogOutputStream:77 - [STDOUT_REDIRECT] 1 : Invalid condition id : UX_CORESTACK_Condition cause : null
2024-05-15 17:16:27,018 [INFO] LogOutputStream:77 - [STDOUT_REDIRECT] 1 : Invalid condition id : UX_CORESTACK_Condition cause : null
2024-05-15 17:16:27,020 [INFO] LogOutputStream:77 - [STDOUT_REDIRECT] 1 : Invalid condition id : UX_CORESTACK_Condition cause : null
2024-05-15 17:16:27,021 [INFO] LogOutputStream:77 - [STDOUT_REDIRECT] 1 : Invalid condition id : UX_CORESTACK_Condition cause : null
2024-05-15 17:16:27,024 [WARN] PackLoader:240 - Cannot read IP mode file for STMicroelectronics.X-CUBE-AZRTOS-WL.2.0.0
2024-05-15 17:16:27,029 [WARN] PackLoader:240 - Cannot read IP mode file for STMicroelectronics.FP-SNS-MOTENV1.5.0.0
2024-05-15 17:16:27,042 [WARN] PackLoader:240 - Cannot read IP mode file for WES.I-CUBE-Cesium.1.3.0
2024-05-15 17:16:27,048 [WARN] PackLoader:240 - Cannot read IP mode file for STMicroelectronics.X-CUBE-BLE2.3.3.0
2024-05-15 17:16:27,054 [WARN] PackLoader:240 - Cannot read IP mode file for STMicroelectronics.X-CUBE-TCPP.4.1.0
2024-05-15 17:16:27,062 [WARN] PackLoader:240 - Cannot read IP mode file for STMicroelectronics.X-CUBE-ALGOBUILD.1.3.0
2024-05-15 17:16:27,075 [WARN] PackLoader:240 - Cannot read IP mode file for STMicroelectronics.X-CUBE-AZRTOS-G0.1.1.0
2024-05-15 17:16:27,086 [WARN] PackLoader:240 - Cannot read IP mode file for STMicroelectronics.X-CUBE-SAFEA1.1.2.2
2024-05-15 17:16:27,091 [WARN] PackLoader:240 - Cannot read IP mode file for STMicroelectronics.X-CUBE-NFC4.3.0.0
2024-05-15 17:16:27,101 [WARN] PackLoader:240 - Cannot read IP mode file for STMicroelectronics.X-CUBE-BLEMGR.3.0.0
2024-05-15 17:16:27,106 [WARN] PackLoader:240 - Cannot read IP mode file for wolfSSL.I-CUBE-wolfSSL.5.7.0
2024-05-15 17:16:27,111 [WARN] PackLoader:240 - Cannot read IP mode file for STMicroelectronics.FP-ATR-SIGFOX1.3.2.0
2024-05-15 17:16:27,127 [WARN] PackLoader:240 - Cannot read IP mode file for STMicroelectronics.X-CUBE-EEPRMA1.5.1.0
2024-05-15 17:16:27,139 [WARN] PackLoader:240 - Cannot read IP mode file for ITTIA_DB.I-CUBE-ITTIADB.8.9.0
2024-05-15 17:16:27,185 [WARN] PackLoader:240 - Cannot read IP mode file for SEGGER.I-CUBE-embOS.1.3.1
2024-05-15 17:16:27,226 [WARN] PackLoader:240 - Cannot read IP mode file for STMicroelectronics.X-CUBE-ALGOBUILD.1.4.0
2024-05-15 17:16:27,232 [WARN] PackLoader:240 - Cannot read IP mode file for STMicroelectronics.X-CUBE-GNSS1.6.0.0
2024-05-15 17:16:27,243 [WARN] PackLoader:240 - Cannot read IP mode file for STMicroelectronics.X-CUBE-AZRTOS-F4.1.1.0
2024-05-15 17:16:27,249 [WARN] PackLoader:240 - Cannot read IP mode file for STMicroelectronics.X-CUBE-FREERTOS.1.2.0
2024-05-15 17:16:27,251 [WARN] PackLoader:240 - Cannot read IP mode file for wolfSSL.I-CUBE-wolfSSL.5.6.6
2024-05-15 17:16:27,259 [WARN] PackLoader:240 - Cannot read IP mode file for STMicroelectronics.X-CUBE-AZRTOS-L5.2.0.0
2024-05-15 17:16:27,265 [WARN] PackLoader:240 - Cannot read IP mode file for STMicroelectronics.X-CUBE-NFC6.3.1.0
2024-05-15 17:16:27,270 [WARN] PackLoader:240 - Cannot read IP mode file for ITTIA_DB.I-CUBE-ITTIADB.8.8.0
2024-05-15 17:16:27,296 [WARN] PackLoader:240 - Cannot read IP mode file for STMicroelectronics.X-CUBE-AI.9.0.0
2024-05-15 17:16:27,300 [WARN] PackLoader:240 - Cannot read IP mode file for STMicroelectronics.X-CUBE-NFC7.1.0.1
2024-05-15 17:16:27,304 [WARN] PackLoader:240 - Cannot read IP mode file for STMicroelectronics.X-CUBE-NFC6.3.0.0
2024-05-15 17:16:27,316 [WARN] PackLoader:240 - Cannot read IP mode file for STMicroelectronics.X-CUBE-AI.8.1.0
2024-05-15 17:16:27,326 [WARN] ConditionMgr:438 - getConditionDescription Invalid condition id : LAN8742 Phy interface Condition cause : null
2024-05-15 17:16:27,327 [WARN] PackLoader:240 - Cannot read IP mode file for STMicroelectronics.X-CUBE-AZRTOS-L4.2.0.0
2024-05-15 17:16:27,327 [WARN] ConditionMgr:1039 - genDependencies : Invalid condition id : LAN8742 Phy interface Condition cause : null
2024-05-15 17:16:27,327 [WARN] ConditionMgr:1039 - genDependencies : Invalid condition id : LAN8742 Phy interface Condition cause : null
2024-05-15 17:16:27,328 [WARN] ConditionMgr:1039 - genDependencies : Invalid condition id : LAN8742 Phy interface Condition cause : null
2024-05-15 17:16:27,365 [WARN] PackLoader:240 - Cannot read IP mode file for STMicroelectronics.X-CUBE-SFXS2LP1.4.0.0
2024-05-15 17:16:27,372 [WARN] ConditionMgr:438 - getConditionDescription Invalid condition id : UX DEVICE CLASS RTOS Condition cause : null
2024-05-15 17:16:27,372 [WARN] ConditionMgr:438 - getConditionDescription Invalid condition id : UX DEVICE CLASS RTOS Condition cause : null
2024-05-15 17:16:27,373 [WARN] PackLoader:240 - Cannot read IP mode file for STMicroelectronics.X-CUBE-AZRTOS-WB.2.0.0
2024-05-15 17:16:27,374 [WARN] ConditionMgr:1039 - genDependencies : Invalid condition id : UX DEVICE CLASS RTOS Condition cause : null
2024-05-15 17:16:27,374 [WARN] ConditionMgr:1039 - genDependencies : Invalid condition id : UX DEVICE CLASS RTOS Condition cause : null
2024-05-15 17:16:27,374 [WARN] ConditionMgr:1039 - genDependencies : Invalid condition id : UX DEVICE CLASS RTOS Condition cause : null
2024-05-15 17:16:27,374 [WARN] ConditionMgr:1039 - genDependencies : Invalid condition id : UX DEVICE CLASS RTOS Condition cause : null
2024-05-15 17:16:27,374 [WARN] ConditionMgr:1039 - genDependencies : Invalid condition id : UX DEVICE CLASS RTOS Condition cause : null
2024-05-15 17:16:27,379 [WARN] PackLoader:240 - Cannot read IP mode file for STMicroelectronics.X-CUBE-SUBG2.5.0.0
2024-05-15 17:16:27,389 [WARN] PackLoader:240 - Cannot read IP mode file for STMicroelectronics.X-CUBE-AZRTOS-G4.2.0.0
2024-05-15 17:16:27,399 [WARN] PackLoader:240 - Cannot read IP mode file for Infineon.AIROC-Wi-Fi-Bluetooth-STM32.1.5.1
2024-05-15 17:16:27,403 [WARN] PackLoader:240 - Cannot read IP mode file for STMicroelectronics.FP-SNS-MOTENVWB1.1.3.1
2024-05-15 17:16:27,406 [WARN] PackLoader:240 - Cannot read IP mode file for STMicroelectronics.X-CUBE-ISPU.2.0.0
2024-05-15 17:16:27,425 [WARN] PackLoader:240 - Cannot read IP mode file for STMicroelectronics.X-CUBE-MEMS1.10.0.0
2024-05-15 17:16:27,498 [WARN] PackLoader:240 - Cannot read IP mode file for STMicroelectronics.X-CUBE-FREERTOS.1.1.0
2024-05-15 17:16:27,503 [WARN] PackLoader:240 - Cannot read IP mode file for portGmbH.I-Cube-SoM-uGOAL.1.1.0
2024-05-15 17:16:27,516 [WARN] PackLoader:240 - Cannot read IP mode file for STMicroelectronics.X-CUBE-ALS.1.0.1
2024-05-15 17:16:27,526 [WARN] PackLoader:240 - Cannot read IP mode file for STMicroelectronics.X-CUBE-AZRTOS-H7RS.1.0.0
2024-05-15 17:16:27,531 [WARN] PackLoader:240 - Cannot read IP mode file for STMicroelectronics.FP-ATR-ASTRA1.2.0.0
2024-05-15 17:16:27,536 [WARN] PackLoader:240 - Cannot read IP mode file for STMicroelectronics.X-CUBE-TOF1.3.4.0
2024-05-15 17:16:27,549 [WARN] PackLoader:240 - Cannot read IP mode file for STMicroelectronics.X-CUBE-TOF1.3.4.1
2024-05-15 17:16:27,567 [WARN] PackLoader:240 - Cannot read IP mode file for STMicroelectronics.X-CUBE-AZRTOS-H7.3.2.0
2024-05-15 17:16:27,575 [WARN] PackLoader:240 - Cannot read IP mode file for Infineon.AIROC-Wi-Fi-Bluetooth-STM32.1.6.0
2024-05-15 17:16:27,577 [INFO] ThirdParty:978 - Integrity check success = true
2024-05-15 17:16:27,578 [INFO] IntegrityCheckThread:100 - exiting critical section [integrity check]
2024-05-15 17:16:27,578 [INFO] IntegrityCheckThread:103 - End integrity checks thread
2024-05-15 17:16:33,725 [ERROR] LogOutputStream:75 - [STDERR_REDIRECT] 
2024-05-15 17:16:42,442 [INFO] Activator:176 - 


2024-05-15 17:16:42,446 [INFO] Activator:177 - !SESSION log4j initialized
2024-05-15 17:16:45,428 [INFO] LogOutputStream:77 - [STDOUT_REDIRECT] 
2024-05-15 17:16:50,006 [INFO] ApplicationProperties:184 - Using Application install path: C:\ST\STM32CubeIDE_1.14.1\STM32CubeIDE\plugins\com.st.stm32cube.common.mx_6.11.1.202404110753
2024-05-15 17:16:50,018 [INFO] DbMcusXml:78 - Set database path to: C:\ST\STM32CubeIDE_1.14.1\STM32CubeIDE\plugins\com.st.stm32cube.common.mx_6.11.1.202404110753\\db\/mcu/
2024-05-15 17:16:50,018 [INFO] ApiDb:274 - Set plugin database path to: C:\ST\STM32CubeIDE_1.14.1\STM32CubeIDE\plugins\com.st.stm32cube.common.mx_6.11.1.202404110753\\db\/plugins/boardmanager/
2024-05-15 17:16:50,018 [WARN] ApiDb:259 - Overriding images path with different value:  => C:\ST\STM32CubeIDE_1.14.1\STM32CubeIDE\plugins\com.st.stm32cube.common.mx_6.11.1.202404110753\\db\/plugins/mcufinder/images/
2024-05-15 17:16:50,022 [INFO] ApiDb:250 - Set database path to: C:\Users\user\.stmcufinder\plugins\mcufinder//mcu/
2024-05-15 17:16:50,024 [INFO] DbMcusAds:125 - Set database path to: C:\Users\user\.stmcufinder\plugins\mcufinder//mcu/
2024-05-15 17:16:50,025 [INFO] CrossReferenceDbSqlite:203 - Set database path to: C:\Users\user\.stmcufinder\plugins\mcufinder//mcu/cs/
2024-05-15 17:16:50,115 [INFO] RulesReader:64 - Compatibility file has been processed (297 Rules)
2024-05-15 17:16:50,192 [INFO] DbMcusXml:78 - Set database path to: C:\ST\STM32CubeIDE_1.14.1\STM32CubeIDE\plugins\com.st.stm32cube.common.mx_6.11.1.202404110753\\db\/mcu/
2024-05-15 17:16:50,192 [INFO] ApiDb:274 - Set plugin database path to: C:\ST\STM32CubeIDE_1.14.1\STM32CubeIDE\plugins\com.st.stm32cube.common.mx_6.11.1.202404110753\\db\/plugins/boardmanager/
2024-05-15 17:16:50,192 [INFO] ApiDb:261 - Set plugin images path to: C:\ST\STM32CubeIDE_1.14.1\STM32CubeIDE\plugins\com.st.stm32cube.common.mx_6.11.1.202404110753\\db\/plugins/mcufinder/images/
2024-05-15 17:16:50,192 [WARN] DbFile:41 - Overriding database path with different value: C:\Users\user\.stmcufinder\plugins\mcufinder/ => C:\Users\user\.stmcufinder\plugins\mcufinder
2024-05-15 17:16:50,193 [INFO] ApiDb:250 - Set database path to: C:\Users\user\.stmcufinder\plugins\mcufinder//mcu/
2024-05-15 17:16:50,193 [WARN] DbFile:41 - Overriding database path with different value: C:\Users\user\.stmcufinder\plugins\mcufinder/ => C:\Users\user\.stmcufinder\plugins\mcufinder
2024-05-15 17:16:50,193 [INFO] DbMcusAds:125 - Set database path to: C:\Users\user\.stmcufinder\plugins\mcufinder//mcu/
2024-05-15 17:16:50,193 [WARN] DbFile:41 - Overriding database path with different value: C:\Users\user\.stmcufinder\plugins\mcufinder/ => C:\Users\user\.stmcufinder\plugins\mcufinder
2024-05-15 17:16:50,193 [WARN] DbFile:41 - Overriding database path with different value: C:\Users\user\.stmcufinder\plugins\mcufinder/ => C:\Users\user\.stmcufinder\plugins\mcufinder
2024-05-15 17:16:50,193 [INFO] CrossReferenceDbSqlite:203 - Set database path to: C:\Users\user\.stmcufinder\plugins\mcufinder//mcu/cs/
2024-05-15 17:16:50,250 [INFO] MainPanel:264 - HeapMemory: 268435456
2024-05-15 17:16:50,297 [INFO] DbMcusXml:78 - Set database path to: C:\ST\STM32CubeIDE_1.14.1\STM32CubeIDE\plugins\com.st.stm32cube.common.mx_6.11.1.202404110753\\db\/mcu/
2024-05-15 17:16:50,297 [INFO] ApiDb:274 - Set plugin database path to: C:\ST\STM32CubeIDE_1.14.1\STM32CubeIDE\plugins\com.st.stm32cube.common.mx_6.11.1.202404110753\\db\/plugins/boardmanager/
2024-05-15 17:16:50,298 [INFO] ApiDb:261 - Set plugin images path to: C:\ST\STM32CubeIDE_1.14.1\STM32CubeIDE\plugins\com.st.stm32cube.common.mx_6.11.1.202404110753\\db\/plugins/mcufinder/images/
2024-05-15 17:16:50,298 [WARN] DbFile:41 - Overriding database path with different value: C:\Users\user\.stmcufinder\plugins\mcufinder/ => C:\Users\user\.stmcufinder\plugins\mcufinder
2024-05-15 17:16:50,298 [INFO] ApiDb:250 - Set database path to: C:\Users\user\.stmcufinder\plugins\mcufinder//mcu/
2024-05-15 17:16:50,298 [WARN] DbFile:41 - Overriding database path with different value: C:\Users\user\.stmcufinder\plugins\mcufinder/ => C:\Users\user\.stmcufinder\plugins\mcufinder
2024-05-15 17:16:50,298 [INFO] DbMcusAds:125 - Set database path to: C:\Users\user\.stmcufinder\plugins\mcufinder//mcu/
2024-05-15 17:16:50,298 [WARN] DbFile:41 - Overriding database path with different value: C:\Users\user\.stmcufinder\plugins\mcufinder/ => C:\Users\user\.stmcufinder\plugins\mcufinder
2024-05-15 17:16:50,298 [WARN] DbFile:41 - Overriding database path with different value: C:\Users\user\.stmcufinder\plugins\mcufinder/ => C:\Users\user\.stmcufinder\plugins\mcufinder
2024-05-15 17:16:50,298 [INFO] CrossReferenceDbSqlite:203 - Set database path to: C:\Users\user\.stmcufinder\plugins\mcufinder//mcu/cs/
2024-05-15 17:16:50,310 [INFO] ApplicationProperties:184 - Using Application install path: C:\ST\STM32CubeIDE_1.14.1\STM32CubeIDE\plugins\com.st.stm32cube.common.mx_6.11.1.202404110753
2024-05-15 17:16:50,311 [INFO] PluginManage:196 - Search for loadable plugins [exclusion list=, ]
2024-05-15 17:16:50,312 [INFO] PluginManage:310 - Check plugin analytics
2024-05-15 17:16:50,448 [INFO] AnalyticsPlugin:253 - Accepted Software Licenses: 
2024-05-15 17:16:50,449 [INFO] AnalyticsPlugin:255 - Accepted CMSIS Pack Licenses: ARM.CMSIS-DSP.1.15.0,ARM.CMSIS.6.0.0
2024-05-15 17:16:50,449 [INFO] AnalyticsPlugin:257 - Accepted Firmware Licenses: FW.G4.1.5.0
2024-05-15 17:16:50,450 [INFO] PluginManage:359 - Loaded plugin analytics (category:tool,tabindex:-1)
2024-05-15 17:16:50,450 [INFO] PluginManage:310 - Check plugin cadmodel
2024-05-15 17:16:50,466 [INFO] CADModel:105 - Init CAD model plugin
2024-05-15 17:16:50,466 [INFO] PluginManage:359 - Loaded plugin cadmodel (category:power,tabindex:5)
2024-05-15 17:16:50,466 [INFO] PluginManage:310 - Check plugin clock
2024-05-15 17:16:50,472 [INFO] PluginManage:359 - Loaded plugin clock (category:base,tabindex:2)
2024-05-15 17:16:50,472 [INFO] PluginManage:310 - Check plugin ddr
2024-05-15 17:16:50,473 [INFO] PluginManage:359 - Loaded plugin ddr (category:tool,tabindex:6)
2024-05-15 17:16:50,473 [INFO] PluginManage:310 - Check plugin filemanager
2024-05-15 17:16:50,580 [INFO] PluginManage:359 - Loaded plugin filemanager (category:base,tabindex:10)
2024-05-15 17:16:50,580 [INFO] PluginManage:310 - Check plugin ipmanager
2024-05-15 17:16:50,585 [INFO] PluginManage:359 - Loaded plugin ipmanager (category:base,tabindex:5)
2024-05-15 17:16:50,585 [INFO] PluginManage:310 - Check plugin lpbam
2024-05-15 17:16:50,591 [INFO] PluginManage:359 - Loaded plugin lpbam (category:base,tabindex:0)
2024-05-15 17:16:50,591 [INFO] PluginManage:310 - Check plugin memorymap
2024-05-15 17:16:50,599 [INFO] PluginManage:359 - Loaded plugin memorymap (category:base,tabindex:4)
2024-05-15 17:16:50,599 [INFO] PluginManage:310 - Check plugin pinoutandconfiguration
2024-05-15 17:16:50,603 [INFO] PluginManage:359 - Loaded plugin pinoutandconfiguration (category:base,tabindex:1)
2024-05-15 17:16:50,604 [INFO] PluginManage:310 - Check plugin pinoutconfig
2024-05-15 17:16:50,716 [WARN] SupportedApi:132 - Cannot load RTOS API schema: s4s-elt-must-match.1: The content of 'definitions' must match (annotation?, (simpleType | complexType)?, (unique | key | keyref)*)). A problem was found starting at: attribute.
2024-05-15 17:16:50,817 [INFO] PluginManage:359 - Loaded plugin pinoutconfig (category:base,tabindex:0)
2024-05-15 17:16:50,817 [INFO] PluginManage:310 - Check plugin power
2024-05-15 17:16:50,822 [INFO] PluginManage:359 - Loaded plugin power (category:power,tabindex:4)
2024-05-15 17:16:50,822 [INFO] PluginManage:310 - Check plugin projectmanager
2024-05-15 17:16:50,836 [INFO] PluginManage:359 - Loaded plugin projectmanager (category:projectmanager,tabindex:3)
2024-05-15 17:16:50,836 [INFO] PluginManage:310 - Check plugin thirdparty
2024-05-15 17:16:50,939 [INFO] PluginManage:359 - Loaded plugin thirdparty (category:base,tabindex:-1)
2024-05-15 17:16:50,939 [INFO] PluginManage:310 - Check plugin tools
2024-05-15 17:16:50,939 [WARN] IntegrityCheckThread:84 - waiting for thirdparty lock release [integrity check]
2024-05-15 17:16:50,939 [INFO] IntegrityCheckThread:86 - entering critical section [integrity check]
2024-05-15 17:16:50,939 [INFO] ThirdPartyUpdaterWithRetryManager:70 - Updater plugin not ready yet. [1/15]
2024-05-15 17:16:50,941 [INFO] PluginManage:359 - Loaded plugin tools (category:base,tabindex:7)
2024-05-15 17:16:50,942 [INFO] PluginManage:310 - Check plugin tutovideos
2024-05-15 17:16:51,081 [INFO] PluginManage:359 - Loaded plugin tutovideos (category:base,tabindex:-1)
2024-05-15 17:16:51,081 [INFO] PluginManage:310 - Check plugin updater
2024-05-15 17:16:51,090 [INFO] PluginManage:359 - Loaded plugin updater (category:base,tabindex:12)
2024-05-15 17:16:51,090 [INFO] PluginManage:310 - Check plugin userauth
2024-05-15 17:16:51,096 [INFO] UserAuth:114 - Init User Auth plugin
2024-05-15 17:16:51,096 [INFO] PluginManage:359 - Loaded plugin userauth (category:base,tabindex:14)
2024-05-15 17:16:51,097 [INFO] PluginManage:283 - PluginManage : Loaded plugins [17]
2024-05-15 17:16:51,360 [INFO] PinOutPanel:1561 - setPackage(No Configuration,No Configuration)
2024-05-15 17:16:51,451 [INFO] CADModel:165 - CPN selected for project level
2024-05-15 17:16:51,451 [INFO] CADModel:114 - Register for checkConnection events
2024-05-15 17:16:51,467 [INFO] IPUIPlugin:80 - create IPUIPlugin
2024-05-15 17:16:51,467 [INFO] PluginManager:220 - loadIPPluginJar : add adc
2024-05-15 17:16:51,472 [INFO] IPUIPlugin:80 - create IPUIPlugin
2024-05-15 17:16:51,472 [INFO] PluginManager:220 - loadIPPluginJar : add aes
2024-05-15 17:16:51,474 [INFO] IPUIPlugin:80 - create IPUIPlugin
2024-05-15 17:16:51,474 [INFO] PluginManager:220 - loadIPPluginJar : add can
2024-05-15 17:16:51,476 [INFO] IPUIPlugin:80 - create IPUIPlugin
2024-05-15 17:16:51,476 [INFO] PluginManager:220 - loadIPPluginJar : add comp
2024-05-15 17:16:51,479 [INFO] IPUIPlugin:80 - create IPUIPlugin
2024-05-15 17:16:51,479 [INFO] PluginManager:220 - loadIPPluginJar : add cryp
2024-05-15 17:16:51,481 [INFO] IPUIPlugin:80 - create IPUIPlugin
2024-05-15 17:16:51,481 [INFO] PluginManager:220 - loadIPPluginJar : add dfsdm
2024-05-15 17:16:51,487 [INFO] IPUIPlugin:80 - create IPUIPlugin
2024-05-15 17:16:51,489 [INFO] PluginManager:220 - loadIPPluginJar : add dma
2024-05-15 17:16:51,493 [INFO] IPUIPlugin:80 - create IPUIPlugin
2024-05-15 17:16:51,493 [INFO] PluginManager:220 - loadIPPluginJar : add dma3
2024-05-15 17:16:51,496 [INFO] IPUIPlugin:80 - create IPUIPlugin
2024-05-15 17:16:51,496 [INFO] PluginManager:220 - loadIPPluginJar : add extmemmanager
2024-05-15 17:16:51,497 [INFO] IPUIPlugin:80 - create IPUIPlugin
2024-05-15 17:16:51,497 [INFO] PluginManager:220 - loadIPPluginJar : add fatfs
2024-05-15 17:16:51,501 [INFO] IPUIPlugin:80 - create IPUIPlugin
2024-05-15 17:16:51,501 [INFO] PluginManager:220 - loadIPPluginJar : add fmc
2024-05-15 17:16:51,512 [INFO] IPUIPlugin:80 - create IPUIPlugin
2024-05-15 17:16:51,513 [INFO] PluginManager:220 - loadIPPluginJar : add freertos
2024-05-15 17:16:51,514 [INFO] IPUIPlugin:80 - create IPUIPlugin
2024-05-15 17:16:51,514 [INFO] PluginManager:220 - loadIPPluginJar : add genericplugin
2024-05-15 17:16:51,517 [INFO] IPUIPlugin:80 - create IPUIPlugin
2024-05-15 17:16:51,517 [INFO] PluginManager:220 - loadIPPluginJar : add gfxmmu
2024-05-15 17:16:51,522 [INFO] IPUIPlugin:80 - create IPUIPlugin
2024-05-15 17:16:51,522 [INFO] PluginManager:220 - loadIPPluginJar : add gic
2024-05-15 17:16:51,526 [INFO] IPUIPlugin:80 - create IPUIPlugin
2024-05-15 17:16:51,526 [INFO] PluginManager:220 - loadIPPluginJar : add gpio
2024-05-15 17:16:51,528 [INFO] IPUIPlugin:80 - create IPUIPlugin
2024-05-15 17:16:51,529 [INFO] PluginManager:220 - loadIPPluginJar : add gtzc
2024-05-15 17:16:51,530 [INFO] IPUIPlugin:80 - create IPUIPlugin
2024-05-15 17:16:51,530 [INFO] PluginManager:220 - loadIPPluginJar : add hash
2024-05-15 17:16:51,532 [INFO] IPUIPlugin:80 - create IPUIPlugin
2024-05-15 17:16:51,532 [INFO] PluginManager:220 - loadIPPluginJar : add i2c
2024-05-15 17:16:51,534 [INFO] IPUIPlugin:80 - create IPUIPlugin
2024-05-15 17:16:51,534 [INFO] PluginManager:220 - loadIPPluginJar : add i2s
2024-05-15 17:16:51,536 [INFO] IPUIPlugin:80 - create IPUIPlugin
2024-05-15 17:16:51,536 [INFO] PluginManager:220 - loadIPPluginJar : add i3c
2024-05-15 17:16:51,538 [INFO] IPUIPlugin:80 - create IPUIPlugin
2024-05-15 17:16:51,538 [INFO] PluginManager:220 - loadIPPluginJar : add ipddr
2024-05-15 17:16:51,543 [INFO] IPUIPlugin:80 - create IPUIPlugin
2024-05-15 17:16:51,544 [INFO] PluginManager:220 - loadIPPluginJar : add linkedlist
2024-05-15 17:16:51,546 [INFO] IPUIPlugin:80 - create IPUIPlugin
2024-05-15 17:16:51,546 [INFO] PluginManager:220 - loadIPPluginJar : add lorawan
2024-05-15 17:16:51,548 [INFO] IPUIPlugin:80 - create IPUIPlugin
2024-05-15 17:16:51,548 [INFO] PluginManager:220 - loadIPPluginJar : add ltdc
2024-05-15 17:16:51,554 [INFO] IPUIPlugin:80 - create IPUIPlugin
2024-05-15 17:16:51,554 [INFO] PluginManager:220 - loadIPPluginJar : add mdma
2024-05-15 17:16:51,557 [INFO] IPUIPlugin:80 - create IPUIPlugin
2024-05-15 17:16:51,557 [INFO] PluginManager:220 - loadIPPluginJar : add nvic
2024-05-15 17:16:51,559 [INFO] IPUIPlugin:80 - create IPUIPlugin
2024-05-15 17:16:51,559 [INFO] PluginManager:220 - loadIPPluginJar : add opamp
2024-05-15 17:16:51,561 [INFO] IPUIPlugin:80 - create IPUIPlugin
2024-05-15 17:16:51,561 [INFO] PluginManager:220 - loadIPPluginJar : add openamp
2024-05-15 17:16:51,563 [INFO] IPUIPlugin:80 - create IPUIPlugin
2024-05-15 17:16:51,563 [INFO] PluginManager:220 - loadIPPluginJar : add pdm2pcm
2024-05-15 17:16:51,569 [INFO] IPUIPlugin:80 - create IPUIPlugin
2024-05-15 17:16:51,572 [INFO] PluginManager:220 - loadIPPluginJar : add plateformsettings
2024-05-15 17:16:51,573 [INFO] IPUIPlugin:80 - create IPUIPlugin
2024-05-15 17:16:51,574 [INFO] PluginManager:220 - loadIPPluginJar : add quadspi
2024-05-15 17:16:51,576 [INFO] IPUIPlugin:80 - create IPUIPlugin
2024-05-15 17:16:51,576 [INFO] PluginManager:220 - loadIPPluginJar : add resmgrutility
2024-05-15 17:16:51,578 [INFO] IPUIPlugin:80 - create IPUIPlugin
2024-05-15 17:16:51,578 [INFO] PluginManager:220 - loadIPPluginJar : add sai
2024-05-15 17:16:51,580 [INFO] IPUIPlugin:80 - create IPUIPlugin
2024-05-15 17:16:51,580 [INFO] PluginManager:220 - loadIPPluginJar : add spi
2024-05-15 17:16:51,588 [INFO] IPUIPlugin:80 - create IPUIPlugin
2024-05-15 17:16:51,588 [INFO] PluginManager:220 - loadIPPluginJar : add stm32_wpan
2024-05-15 17:16:51,589 [INFO] IPUIPlugin:80 - create IPUIPlugin
2024-05-15 17:16:51,590 [INFO] PluginManager:220 - loadIPPluginJar : add tim
2024-05-15 17:16:51,592 [INFO] IPUIPlugin:80 - create IPUIPlugin
2024-05-15 17:16:51,593 [INFO] PluginManager:220 - loadIPPluginJar : add touchsensing
2024-05-15 17:16:51,594 [INFO] IPUIPlugin:80 - create IPUIPlugin
2024-05-15 17:16:51,594 [INFO] PluginManager:220 - loadIPPluginJar : add tracer_emb
2024-05-15 17:16:51,596 [INFO] IPUIPlugin:80 - create IPUIPlugin
2024-05-15 17:16:51,597 [INFO] PluginManager:220 - loadIPPluginJar : add ts
2024-05-15 17:16:51,598 [INFO] IPUIPlugin:80 - create IPUIPlugin
2024-05-15 17:16:51,598 [INFO] PluginManager:220 - loadIPPluginJar : add tsc
2024-05-15 17:16:51,600 [INFO] IPUIPlugin:80 - create IPUIPlugin
2024-05-15 17:16:51,601 [INFO] PluginManager:220 - loadIPPluginJar : add ucpd
2024-05-15 17:16:51,604 [INFO] IPUIPlugin:80 - create IPUIPlugin
2024-05-15 17:16:51,604 [INFO] PluginManager:220 - loadIPPluginJar : add usart
2024-05-15 17:16:51,607 [INFO] IPUIPlugin:80 - create IPUIPlugin
2024-05-15 17:16:51,607 [INFO] PluginManager:220 - loadIPPluginJar : add usbx
2024-05-15 17:16:51,736 [INFO] CADModel:165 - CPN selected for project level
2024-05-15 17:16:51,736 [INFO] CADModel:114 - Register for checkConnection events
2024-05-15 17:16:51,737 [FATAL] Updater:308 - Updater called before beeing initialized
2024-05-15 17:16:51,737 [ERROR] CADModel:125 - Updater not yet initialized, retry later 
2024-05-15 17:16:51,897 [INFO] CADModel:165 - CPN selected for project level
2024-05-15 17:16:51,897 [INFO] CADModel:114 - Register for checkConnection events
2024-05-15 17:16:51,897 [FATAL] Updater:308 - Updater called before beeing initialized
2024-05-15 17:16:51,897 [ERROR] CADModel:125 - Updater not yet initialized, retry later 
2024-05-15 17:16:51,900 [FATAL] Updater:308 - Updater called before beeing initialized
2024-05-15 17:16:51,982 [FATAL] Updater:308 - Updater called before beeing initialized
2024-05-15 17:16:51,985 [INFO] DbMcusAds:53 - JSON generation date=Thu May 02 15:37:29 ICT 2024 (1714639049318)
2024-05-15 17:16:51,985 [FATAL] Updater:308 - Updater called before beeing initialized
2024-05-15 17:16:52,011 [WARN] DetailPanel:346 - Failed to get advertising image, set to default
2024-05-15 17:16:52,077 [FATAL] Updater:308 - Updater called before beeing initialized
2024-05-15 17:16:52,078 [FATAL] Updater:308 - Updater called before beeing initialized
2024-05-15 17:16:52,078 [FATAL] Updater:308 - Updater called before beeing initialized
2024-05-15 17:16:52,078 [WARN] DetailPanel:346 - Failed to get advertising image, set to default
2024-05-15 17:16:52,079 [FATAL] Updater:308 - Updater called before beeing initialized
2024-05-15 17:16:52,113 [ERROR] Updater:1120 - MainUpdater not yet initialized. External WinMGr cannot be set.
2024-05-15 17:16:52,114 [INFO] Updater:1056 - Updater Version found : 6.11.1
2024-05-15 17:16:52,129 [INFO] ApplicationProperties:184 - Using Application install path: C:\ST\STM32CubeIDE_1.14.1\STM32CubeIDE\plugins\com.st.stm32cube.common.mx_6.11.1.202404110753
2024-05-15 17:16:53,704 [ERROR] LogOutputStream:75 - [STDERR_REDIRECT] May 15, 2024 5:16:53 PM java.util.prefs.WindowsPreferences <init>
2024-05-15 17:16:53,704 [ERROR] LogOutputStream:75 - [STDERR_REDIRECT] WARNING: Could not open/create prefs root node Software\JavaSoft\Prefs at root 0xffffffff80000002. Windows RegCreateKeyEx(...) returned error code 5.
2024-05-15 17:16:53,705 [ERROR] LogOutputStream:75 - [STDERR_REDIRECT] 
2024-05-15 17:16:53,942 [INFO] ThirdPartyUpdaterWithRetryManager:70 - Updater plugin not ready yet. [2/15]
2024-05-15 17:16:54,795 [INFO] MainUpdater:2873 - connection check result : 10
2024-05-15 17:16:54,795 [INFO] MainUpdater:290 - Updater Check For Update Now.
2024-05-15 17:16:54,796 [INFO] MicroXplorer:498 - Change Database Version : DB.6.0.111
2024-05-15 17:16:54,801 [INFO] McuFinderGlobals:63 - Set McuFinder mode to 2 (CubeIDE integrated)
2024-05-15 17:16:54,807 [INFO] UserAuth:415 - Internet connection configuration mode: 1
2024-05-15 17:16:54,824 [INFO] JxBrowserEngine:152 - Initiate JxBrowser Engine with user profile folder
2024-05-15 17:16:55,021 [INFO] CheckServerUpdateThread:120 - End of CheckServer Thread
2024-05-15 17:16:55,474 [INFO] WebApp:161 - Instantiating new browser for Auth
2024-05-15 17:16:55,889 [INFO] WebApp:779 - Register for checkConnection events
2024-05-15 17:16:55,889 [INFO] WebApp:414 - Apply proxy settings
2024-05-15 17:16:55,889 [INFO] WebApp:499 - Chromium requires no authentication
2024-05-15 17:16:55,894 [INFO] WebApp:442 - Direct internet connection detected
2024-05-15 17:16:56,017 [INFO] WebApp:192 - Starting web application
2024-05-15 17:16:56,017 [INFO] WebApp:544 - Web application path used C:\ST\STM32CubeIDE_1.14.1\STM32CubeIDE\plugins\com.st.stm32cube.common.mx_6.11.1.202404110753\db\plugins\mcufinder\reactClient1\index.html
2024-05-15 17:16:57,106 [WARN] PackLoader:240 - Cannot read IP mode file for STMicroelectronics.FP-SNS-MOTENVWB1.1.4.0
2024-05-15 17:16:57,133 [WARN] PackLoader:240 - Cannot read IP mode file for STMicroelectronics.X-CUBE-SMBUS.2.1.0
2024-05-15 17:16:57,137 [WARN] PackLoader:240 - Cannot read IP mode file for STMicroelectronics.X-CUBE-TOUCHGFX.4.23.1
2024-05-15 17:16:57,139 [WARN] PackLoader:240 - Cannot read IP mode file for STMicroelectronics.X-CUBE-TOUCHGFX.4.23.0
2024-05-15 17:16:57,141 [WARN] PackLoader:240 - Cannot read IP mode file for STMicroelectronics.X-CUBE-TOUCHGFX.4.23.2
2024-05-15 17:16:57,167 [WARN] PackLoader:240 - Cannot read IP mode file for STMicroelectronics.X-CUBE-AZRTOS-F7.1.1.0
2024-05-15 17:16:57,178 [WARN] PackLoader:240 - Cannot read IP mode file for STMicroelectronics.FP-SNS-MOTENV1.4.3.2
2024-05-15 17:16:57,183 [WARN] PackLoader:240 - Cannot read IP mode file for STMicroelectronics.FP-SNS-FLIGHT1.5.0.2
2024-05-15 17:16:57,195 [WARN] PackLoader:240 - Cannot read IP mode file for STMicroelectronics.X-CUBE-DISPLAY.3.0.0
2024-05-15 17:16:57,223 [WARN] PackLoader:240 - Cannot read IP mode file for STMicroelectronics.X-CUBE-BLE1.7.0.0
2024-05-15 17:16:57,232 [WARN] PackLoader:240 - Cannot read IP mode file for emotas.I-CUBE-CANOPEN.1.3.0
2024-05-15 17:16:57,242 [WARN] PackLoader:240 - Cannot read IP mode file for STMicroelectronics.X-CUBE-BLEMGR.3.1.0
2024-05-15 17:16:57,250 [WARN] PackLoader:240 - Cannot read IP mode file for STMicroelectronics.FP-SNS-SMARTAG2.1.2.0
2024-05-15 17:16:57,258 [INFO] LogOutputStream:77 - [STDOUT_REDIRECT] 1 : Invalid condition id : UX_CORESTACK_Condition cause : null
2024-05-15 17:16:57,258 [INFO] LogOutputStream:77 - [STDOUT_REDIRECT] 1 : Invalid condition id : UX_CORESTACK_Condition cause : null
2024-05-15 17:16:57,260 [INFO] LogOutputStream:77 - [STDOUT_REDIRECT] 1 : Invalid condition id : UX_CORESTACK_Condition cause : null
2024-05-15 17:16:57,262 [INFO] LogOutputStream:77 - [STDOUT_REDIRECT] 1 : Invalid condition id : UX_CORESTACK_Condition cause : null
2024-05-15 17:16:57,263 [INFO] LogOutputStream:77 - [STDOUT_REDIRECT] 1 : Invalid condition id : UX_CORESTACK_Condition cause : null
2024-05-15 17:16:57,267 [WARN] PackLoader:240 - Cannot read IP mode file for STMicroelectronics.X-CUBE-AZRTOS-WL.2.0.0
2024-05-15 17:16:57,273 [WARN] PackLoader:240 - Cannot read IP mode file for STMicroelectronics.FP-SNS-MOTENV1.5.0.0
2024-05-15 17:16:57,284 [WARN] PackLoader:240 - Cannot read IP mode file for WES.I-CUBE-Cesium.1.3.0
2024-05-15 17:16:57,288 [WARN] PackLoader:240 - Cannot read IP mode file for STMicroelectronics.X-CUBE-BLE2.3.3.0
2024-05-15 17:16:57,293 [WARN] PackLoader:240 - Cannot read IP mode file for STMicroelectronics.X-CUBE-TCPP.4.1.0
2024-05-15 17:16:57,300 [WARN] PackLoader:240 - Cannot read IP mode file for STMicroelectronics.X-CUBE-ALGOBUILD.1.3.0
2024-05-15 17:16:57,312 [WARN] PackLoader:240 - Cannot read IP mode file for STMicroelectronics.X-CUBE-AZRTOS-G0.1.1.0
2024-05-15 17:16:57,319 [WARN] PackLoader:240 - Cannot read IP mode file for STMicroelectronics.X-CUBE-SAFEA1.1.2.2
2024-05-15 17:16:57,324 [WARN] PackLoader:240 - Cannot read IP mode file for STMicroelectronics.X-CUBE-NFC4.3.0.0
2024-05-15 17:16:57,332 [WARN] PackLoader:240 - Cannot read IP mode file for STMicroelectronics.X-CUBE-BLEMGR.3.0.0
2024-05-15 17:16:57,338 [WARN] PackLoader:240 - Cannot read IP mode file for wolfSSL.I-CUBE-wolfSSL.5.7.0
2024-05-15 17:16:57,341 [WARN] PackLoader:240 - Cannot read IP mode file for STMicroelectronics.FP-ATR-SIGFOX1.3.2.0
2024-05-15 17:16:57,355 [WARN] PackLoader:240 - Cannot read IP mode file for STMicroelectronics.X-CUBE-EEPRMA1.5.1.0
2024-05-15 17:16:57,360 [WARN] PackLoader:240 - Cannot read IP mode file for ITTIA_DB.I-CUBE-ITTIADB.8.9.0
2024-05-15 17:16:57,396 [WARN] PackLoader:240 - Cannot read IP mode file for SEGGER.I-CUBE-embOS.1.3.1
2024-05-15 17:16:57,438 [WARN] PackLoader:240 - Cannot read IP mode file for STMicroelectronics.X-CUBE-ALGOBUILD.1.4.0
2024-05-15 17:16:57,444 [WARN] PackLoader:240 - Cannot read IP mode file for STMicroelectronics.X-CUBE-GNSS1.6.0.0
2024-05-15 17:16:57,462 [WARN] PackLoader:240 - Cannot read IP mode file for STMicroelectronics.X-CUBE-AZRTOS-F4.1.1.0
2024-05-15 17:16:57,471 [WARN] PackLoader:240 - Cannot read IP mode file for STMicroelectronics.X-CUBE-FREERTOS.1.2.0
2024-05-15 17:16:57,474 [WARN] PackLoader:240 - Cannot read IP mode file for wolfSSL.I-CUBE-wolfSSL.5.6.6
2024-05-15 17:16:57,486 [WARN] PackLoader:240 - Cannot read IP mode file for STMicroelectronics.X-CUBE-AZRTOS-L5.2.0.0
2024-05-15 17:16:57,493 [WARN] PackLoader:240 - Cannot read IP mode file for STMicroelectronics.X-CUBE-NFC6.3.1.0
2024-05-15 17:16:57,497 [WARN] PackLoader:240 - Cannot read IP mode file for ITTIA_DB.I-CUBE-ITTIADB.8.8.0
2024-05-15 17:16:57,528 [WARN] PackLoader:240 - Cannot read IP mode file for STMicroelectronics.X-CUBE-AI.9.0.0
2024-05-15 17:16:57,532 [WARN] PackLoader:240 - Cannot read IP mode file for STMicroelectronics.X-CUBE-NFC7.1.0.1
2024-05-15 17:16:57,537 [WARN] PackLoader:240 - Cannot read IP mode file for STMicroelectronics.X-CUBE-NFC6.3.0.0
2024-05-15 17:16:57,541 [WARN] PackLoader:240 - Cannot read IP mode file for STMicroelectronics.X-CUBE-AI.8.1.0
2024-05-15 17:16:57,552 [WARN] ConditionMgr:438 - getConditionDescription Invalid condition id : LAN8742 Phy interface Condition cause : null
2024-05-15 17:16:57,552 [WARN] PackLoader:240 - Cannot read IP mode file for STMicroelectronics.X-CUBE-AZRTOS-L4.2.0.0
2024-05-15 17:16:57,555 [WARN] ConditionMgr:1039 - genDependencies : Invalid condition id : LAN8742 Phy interface Condition cause : null
2024-05-15 17:16:57,555 [WARN] ConditionMgr:1039 - genDependencies : Invalid condition id : LAN8742 Phy interface Condition cause : null
2024-05-15 17:16:57,555 [WARN] ConditionMgr:1039 - genDependencies : Invalid condition id : LAN8742 Phy interface Condition cause : null
2024-05-15 17:16:57,624 [WARN] PackLoader:240 - Cannot read IP mode file for STMicroelectronics.X-CUBE-SFXS2LP1.4.0.0
2024-05-15 17:16:57,634 [WARN] ConditionMgr:438 - getConditionDescription Invalid condition id : UX DEVICE CLASS RTOS Condition cause : null
2024-05-15 17:16:57,634 [WARN] ConditionMgr:438 - getConditionDescription Invalid condition id : UX DEVICE CLASS RTOS Condition cause : null
2024-05-15 17:16:57,635 [WARN] PackLoader:240 - Cannot read IP mode file for STMicroelectronics.X-CUBE-AZRTOS-WB.2.0.0
2024-05-15 17:16:57,636 [WARN] ConditionMgr:1039 - genDependencies : Invalid condition id : UX DEVICE CLASS RTOS Condition cause : null
2024-05-15 17:16:57,636 [WARN] ConditionMgr:1039 - genDependencies : Invalid condition id : UX DEVICE CLASS RTOS Condition cause : null
2024-05-15 17:16:57,637 [WARN] ConditionMgr:1039 - genDependencies : Invalid condition id : UX DEVICE CLASS RTOS Condition cause : null
2024-05-15 17:16:57,638 [WARN] ConditionMgr:1039 - genDependencies : Invalid condition id : UX DEVICE CLASS RTOS Condition cause : null
2024-05-15 17:16:57,638 [WARN] ConditionMgr:1039 - genDependencies : Invalid condition id : UX DEVICE CLASS RTOS Condition cause : null
2024-05-15 17:16:57,648 [WARN] PackLoader:240 - Cannot read IP mode file for STMicroelectronics.X-CUBE-SUBG2.5.0.0
2024-05-15 17:16:57,660 [WARN] PackLoader:240 - Cannot read IP mode file for STMicroelectronics.X-CUBE-AZRTOS-G4.2.0.0
2024-05-15 17:16:57,670 [WARN] PackLoader:240 - Cannot read IP mode file for Infineon.AIROC-Wi-Fi-Bluetooth-STM32.1.5.1
2024-05-15 17:16:57,676 [WARN] PackLoader:240 - Cannot read IP mode file for STMicroelectronics.FP-SNS-MOTENVWB1.1.3.1
2024-05-15 17:16:57,680 [WARN] PackLoader:240 - Cannot read IP mode file for STMicroelectronics.X-CUBE-ISPU.2.0.0
2024-05-15 17:16:57,708 [WARN] PackLoader:240 - Cannot read IP mode file for STMicroelectronics.X-CUBE-MEMS1.10.0.0
2024-05-15 17:16:57,777 [WARN] PackLoader:240 - Cannot read IP mode file for STMicroelectronics.X-CUBE-FREERTOS.1.1.0
2024-05-15 17:16:57,786 [WARN] PackLoader:240 - Cannot read IP mode file for portGmbH.I-Cube-SoM-uGOAL.1.1.0
2024-05-15 17:16:57,806 [WARN] PackLoader:240 - Cannot read IP mode file for STMicroelectronics.X-CUBE-ALS.1.0.1
2024-05-15 17:16:57,826 [WARN] PackLoader:240 - Cannot read IP mode file for STMicroelectronics.X-CUBE-AZRTOS-H7RS.1.0.0
2024-05-15 17:16:57,839 [WARN] PackLoader:240 - Cannot read IP mode file for STMicroelectronics.FP-ATR-ASTRA1.2.0.0
2024-05-15 17:16:57,851 [WARN] PackLoader:240 - Cannot read IP mode file for STMicroelectronics.X-CUBE-TOF1.3.4.0
2024-05-15 17:16:57,875 [WARN] PackLoader:240 - Cannot read IP mode file for STMicroelectronics.X-CUBE-TOF1.3.4.1
2024-05-15 17:16:57,891 [WARN] PackLoader:240 - Cannot read IP mode file for STMicroelectronics.X-CUBE-AZRTOS-H7.3.2.0
2024-05-15 17:16:57,902 [WARN] PackLoader:240 - Cannot read IP mode file for Infineon.AIROC-Wi-Fi-Bluetooth-STM32.1.6.0
2024-05-15 17:16:57,906 [INFO] ThirdParty:978 - Integrity check success = true
2024-05-15 17:16:57,907 [INFO] IntegrityCheckThread:100 - exiting critical section [integrity check]
2024-05-15 17:16:57,907 [INFO] IntegrityCheckThread:103 - End integrity checks thread
2024-05-15 17:17:05,117 [ERROR] LogOutputStream:75 - [STDERR_REDIRECT] 
2024-05-15 17:17:05,119 [ERROR] LogOutputStream:75 - [STDERR_REDIRECT] 
